number,value,datetime_start,datetime_complete,duration,params_dice_over_ce,system_attrs_fixed_params,system_attrs_tpe:relative_params:0,state
0,0.8985253572463989,2026-10-10 12:46:33.611503,2026-10-10 13:10:14.557640,0 days 00:23:40.946137,1.0,{'dice_over_ce': 1.0},,COMPLETE
1,0.9038424491882324,2026-10-10 13:10:14.576782,2026-10-10 13:32:52.645649,0 days 00:22:38.068867,1.252065381499947,,,COMPLETE
2,0.9114904403686523,2026-10-10 13:32:52.674650,2026-10-10 13:55:20.137659,0 days 00:22:27.463009,2.693883019285411,,,COMPLETE
3,0.870086133480072,2026-10-10 13:55:20.155474,2026-10-10 14:07:22.687989,0 days 00:12:02.532515,0.10981684015202466,,"{""dice_over_ce"": 0.10981684015202466}",PRUNED
4,0.8770947456359863,2026-10-10 14:07:22.698646,2026-10-10 14:19:22.633540,0 days 00:11:59.934894,9.0265350033897,,"{""dice_over_ce"": 9.0265350033897}",PRUNED
5,0.863880455493927,2026-10-10 14:19:22.643532,2026-10-10 14:26:57.321379,0 days 00:07:34.677847,8.045564515992579,,"{""dice_over_ce"": 8.045564515992579}",PRUNED
6,0.8802177309989929,2026-10-10 14:26:57.330838,2026-10-10 14:34:33.277547,0 days 00:07:35.946709,0.1096709704254211,,"{""dice_over_ce"": 0.1096709704254211}",PRUNED
7,0.8901059627532959,2026-10-10 14:34:33.288101,2026-10-10 14:46:38.470862,0 days 00:12:05.182761,1.0837814264970682,,"{""dice_over_ce"": 1.0837814264970682}",PRUNED
8,0.8682461977005005,2026-10-10 14:46:38.481213,2026-10-10 14:54:18.426013,0 days 00:07:39.944800,0.37099795061436935,,"{""dice_over_ce"": 0.37099795061436935}",PRUNED
9,0.8817238211631775,2026-10-10 14:54:18.436654,2026-10-10 15:06:23.964499,0 days 00:12:05.527845,3.1607753122532967,,"{""dice_over_ce"": 3.1607753122532967}",PRUNED
